[debug] [2026-02-17T23:11:04.139Z] > command requires scopes: ["email","openid","https://www.googleapis.com/auth/cloudplatformprojects.readonly","https://www.googleapis.com/auth/firebase","https://www.googleapis.com/auth/cloud-platform"]
[debug] [2026-02-17T23:11:04.141Z] > authorizing via signed-in user (chris@christopheresplin.com)
[debug] [2026-02-17T23:11:04.142Z] Checked if tokens are valid: false, expires at: 1767034595685
[debug] [2026-02-17T23:11:04.142Z] Checked if tokens are valid: false, expires at: 1767034595685
[debug] [2026-02-17T23:11:04.142Z] > refreshing access token with scopes: []
[debug] [2026-02-17T23:11:04.144Z] >>> [apiv2][query] POST https://www.googleapis.com/oauth2/v3/token [none]
[debug] [2026-02-17T23:11:04.144Z] >>> [apiv2][body] POST https://www.googleapis.com/oauth2/v3/token [omitted]
[debug] [2026-02-17T23:11:04.149Z] > command requires scopes: ["email","openid","https://www.googleapis.com/auth/cloudplatformprojects.readonly","https://www.googleapis.com/auth/firebase","https://www.googleapis.com/auth/cloud-platform"]
[debug] [2026-02-17T23:11:04.149Z] > authorizing via signed-in user (chris@christopheresplin.com)
[debug] [2026-02-17T23:11:04.150Z] Checked if tokens are valid: false, expires at: 1767034595685
[debug] [2026-02-17T23:11:04.150Z] Checked if tokens are valid: false, expires at: 1767034595685
[debug] [2026-02-17T23:11:04.150Z] > refreshing access token with scopes: []
[debug] [2026-02-17T23:11:04.150Z] >>> [apiv2][query] POST https://www.googleapis.com/oauth2/v3/token [none]
[debug] [2026-02-17T23:11:04.150Z] >>> [apiv2][body] POST https://www.googleapis.com/oauth2/v3/token [omitted]
[debug] [2026-02-17T23:11:04.384Z] <<< [apiv2][status] POST https://www.googleapis.com/oauth2/v3/token 200
[debug] [2026-02-17T23:11:04.384Z] <<< [apiv2][body] POST https://www.googleapis.com/oauth2/v3/token [omitted]
[debug] [2026-02-17T23:11:04.396Z] >>> [apiv2][query] GET https://cloudbilling.googleapis.com/v1/projects/quiver-tools/billingInfo [none]
[debug] [2026-02-17T23:11:04.399Z] <<< [apiv2][status] POST https://www.googleapis.com/oauth2/v3/token 200
[debug] [2026-02-17T23:11:04.399Z] <<< [apiv2][body] POST https://www.googleapis.com/oauth2/v3/token [omitted]
[debug] [2026-02-17T23:11:04.405Z] >>> [apiv2][query] GET https://cloudbilling.googleapis.com/v1/projects/quiver-tools/billingInfo [none]
[debug] [2026-02-17T23:11:04.849Z] <<< [apiv2][status] GET https://cloudbilling.googleapis.com/v1/projects/quiver-tools/billingInfo 200
[debug] [2026-02-17T23:11:04.849Z] <<< [apiv2][body] GET https://cloudbilling.googleapis.com/v1/projects/quiver-tools/billingInfo {"name":"projects/quiver-tools/billingInfo","projectId":"quiver-tools","billingAccountName":"billingAccounts/002DF3-82A6F1-0B16DC","billingEnabled":true}
[debug] [2026-02-17T23:11:04.905Z] Checked if tokens are valid: true, expires at: 1771373463399
[debug] [2026-02-17T23:11:04.905Z] Checked if tokens are valid: true, expires at: 1771373463399
[debug] [2026-02-17T23:11:04.906Z] Checked if tokens are valid: true, expires at: 1771373463399
[debug] [2026-02-17T23:11:04.906Z] Checked if tokens are valid: true, expires at: 1771373463399
[debug] [2026-02-17T23:11:04.915Z] Checked if tokens are valid: true, expires at: 1771373463399
[debug] [2026-02-17T23:11:04.915Z] Checked if tokens are valid: true, expires at: 1771373463399
[debug] [2026-02-17T23:11:04.915Z] >>> [apiv2][query] GET https://serviceusage.googleapis.com/v1/projects/quiver-tools/services/firebasedataconnect.googleapis.com [none]
[debug] [2026-02-17T23:11:04.915Z] >>> [apiv2][(partial)header] GET https://serviceusage.googleapis.com/v1/projects/quiver-tools/services/firebasedataconnect.googleapis.com  x-goog-user-project=quiver-tools
[debug] [2026-02-17T23:11:04.917Z] >>> [apiv2][query] GET https://serviceusage.googleapis.com/v1/projects/quiver-tools/services/cloudfunctions.googleapis.com [none]
[debug] [2026-02-17T23:11:04.917Z] >>> [apiv2][(partial)header] GET https://serviceusage.googleapis.com/v1/projects/quiver-tools/services/cloudfunctions.googleapis.com  x-goog-user-project=quiver-tools
[debug] [2026-02-17T23:11:04.918Z] >>> [apiv2][query] GET https://serviceusage.googleapis.com/v1/projects/quiver-tools/services/firebaseio.com [none]
[debug] [2026-02-17T23:11:04.919Z] >>> [apiv2][(partial)header] GET https://serviceusage.googleapis.com/v1/projects/quiver-tools/services/firebaseio.com  x-goog-user-project=quiver-tools
[debug] [2026-02-17T23:11:05.122Z] <<< [apiv2][status] GET https://cloudbilling.googleapis.com/v1/projects/quiver-tools/billingInfo 200
[debug] [2026-02-17T23:11:05.122Z] <<< [apiv2][body] GET https://cloudbilling.googleapis.com/v1/projects/quiver-tools/billingInfo {"name":"projects/quiver-tools/billingInfo","projectId":"quiver-tools","billingAccountName":"billingAccounts/002DF3-82A6F1-0B16DC","billingEnabled":true}
[debug] [2026-02-17T23:11:05.123Z] Checked if tokens are valid: true, expires at: 1771373463399
[debug] [2026-02-17T23:11:05.123Z] Checked if tokens are valid: true, expires at: 1771373463399
[debug] [2026-02-17T23:11:05.123Z] Checked if tokens are valid: true, expires at: 1771373463399
[debug] [2026-02-17T23:11:05.123Z] Checked if tokens are valid: true, expires at: 1771373463399
[debug] [2026-02-17T23:11:05.127Z] Checked if tokens are valid: true, expires at: 1771373463399
[debug] [2026-02-17T23:11:05.127Z] Checked if tokens are valid: true, expires at: 1771373463399
[debug] [2026-02-17T23:11:05.128Z] >>> [apiv2][query] GET https://serviceusage.googleapis.com/v1/projects/quiver-tools/services/firebasedataconnect.googleapis.com [none]
[debug] [2026-02-17T23:11:05.128Z] >>> [apiv2][(partial)header] GET https://serviceusage.googleapis.com/v1/projects/quiver-tools/services/firebasedataconnect.googleapis.com  x-goog-user-project=quiver-tools
[debug] [2026-02-17T23:11:05.129Z] >>> [apiv2][query] GET https://serviceusage.googleapis.com/v1/projects/quiver-tools/services/cloudfunctions.googleapis.com [none]
[debug] [2026-02-17T23:11:05.129Z] >>> [apiv2][(partial)header] GET https://serviceusage.googleapis.com/v1/projects/quiver-tools/services/cloudfunctions.googleapis.com  x-goog-user-project=quiver-tools
[debug] [2026-02-17T23:11:05.131Z] >>> [apiv2][query] GET https://serviceusage.googleapis.com/v1/projects/quiver-tools/services/firebaseio.com [none]
[debug] [2026-02-17T23:11:05.131Z] >>> [apiv2][(partial)header] GET https://serviceusage.googleapis.com/v1/projects/quiver-tools/services/firebaseio.com  x-goog-user-project=quiver-tools
[debug] [2026-02-17T23:11:05.450Z] <<< [apiv2][status] GET https://serviceusage.googleapis.com/v1/projects/quiver-tools/services/firebaseio.com 403
[debug] [2026-02-17T23:11:05.450Z] <<< [apiv2][body] GET https://serviceusage.googleapis.com/v1/projects/quiver-tools/services/firebaseio.com [omitted]
[debug] [2026-02-17T23:11:05.463Z] <<< [apiv2][status] GET https://serviceusage.googleapis.com/v1/projects/quiver-tools/services/firebasedataconnect.googleapis.com 200
[debug] [2026-02-17T23:11:05.463Z] <<< [apiv2][body] GET https://serviceusage.googleapis.com/v1/projects/quiver-tools/services/firebasedataconnect.googleapis.com [omitted]
[debug] [2026-02-17T23:11:05.552Z] <<< [apiv2][status] GET https://serviceusage.googleapis.com/v1/projects/quiver-tools/services/cloudfunctions.googleapis.com 200
[debug] [2026-02-17T23:11:05.552Z] <<< [apiv2][body] GET https://serviceusage.googleapis.com/v1/projects/quiver-tools/services/cloudfunctions.googleapis.com [omitted]
[debug] [2026-02-17T23:11:05.617Z] > command requires scopes: ["email","openid","https://www.googleapis.com/auth/cloudplatformprojects.readonly","https://www.googleapis.com/auth/firebase","https://www.googleapis.com/auth/cloud-platform"]
[debug] [2026-02-17T23:11:05.618Z] > authorizing via signed-in user (chris@christopheresplin.com)
[debug] [2026-02-17T23:11:05.618Z] Checked if tokens are valid: true, expires at: 1771373463399
[debug] [2026-02-17T23:11:05.618Z] Checked if tokens are valid: true, expires at: 1771373463399
[debug] [2026-02-17T23:11:05.618Z] >>> [apiv2][query] GET https://cloudbilling.googleapis.com/v1/projects/quiver-tools/billingInfo [none]
[debug] [2026-02-17T23:11:05.761Z] <<< [apiv2][status] GET https://serviceusage.googleapis.com/v1/projects/quiver-tools/services/firebaseio.com 403
[debug] [2026-02-17T23:11:05.761Z] <<< [apiv2][body] GET https://serviceusage.googleapis.com/v1/projects/quiver-tools/services/firebaseio.com [omitted]
[debug] [2026-02-17T23:11:06.040Z] <<< [apiv2][status] GET https://serviceusage.googleapis.com/v1/projects/quiver-tools/services/firebasedataconnect.googleapis.com 200
[debug] [2026-02-17T23:11:06.040Z] <<< [apiv2][body] GET https://serviceusage.googleapis.com/v1/projects/quiver-tools/services/firebasedataconnect.googleapis.com [omitted]
[debug] [2026-02-17T23:11:06.041Z] <<< [apiv2][status] GET https://cloudbilling.googleapis.com/v1/projects/quiver-tools/billingInfo 200
[debug] [2026-02-17T23:11:06.041Z] <<< [apiv2][body] GET https://cloudbilling.googleapis.com/v1/projects/quiver-tools/billingInfo {"name":"projects/quiver-tools/billingInfo","projectId":"quiver-tools","billingAccountName":"billingAccounts/002DF3-82A6F1-0B16DC","billingEnabled":true}
[debug] [2026-02-17T23:11:06.042Z] > command requires scopes: ["email","openid","https://www.googleapis.com/auth/cloudplatformprojects.readonly","https://www.googleapis.com/auth/firebase","https://www.googleapis.com/auth/cloud-platform"]
[debug] [2026-02-17T23:11:06.042Z] > authorizing via signed-in user (chris@christopheresplin.com)
[debug] [2026-02-17T23:11:06.043Z] <<< [apiv2][status] GET https://serviceusage.googleapis.com/v1/projects/quiver-tools/services/cloudfunctions.googleapis.com 200
[debug] [2026-02-17T23:11:06.043Z] <<< [apiv2][body] GET https://serviceusage.googleapis.com/v1/projects/quiver-tools/services/cloudfunctions.googleapis.com [omitted]
[debug] [2026-02-17T23:11:06.136Z] > command requires scopes: ["email","openid","https://www.googleapis.com/auth/cloudplatformprojects.readonly","https://www.googleapis.com/auth/firebase","https://www.googleapis.com/auth/cloud-platform"]
[debug] [2026-02-17T23:11:06.136Z] > authorizing via signed-in user (chris@christopheresplin.com)
[debug] [2026-02-17T23:11:06.137Z] Checked if tokens are valid: true, expires at: 1771373463399
[debug] [2026-02-17T23:11:06.137Z] Checked if tokens are valid: true, expires at: 1771373463399
[debug] [2026-02-17T23:11:06.137Z] >>> [apiv2][query] GET https://cloudbilling.googleapis.com/v1/projects/quiver-tools/billingInfo [none]
[debug] [2026-02-17T23:11:06.428Z] <<< [apiv2][status] GET https://cloudbilling.googleapis.com/v1/projects/quiver-tools/billingInfo 200
[debug] [2026-02-17T23:11:06.429Z] <<< [apiv2][body] GET https://cloudbilling.googleapis.com/v1/projects/quiver-tools/billingInfo {"name":"projects/quiver-tools/billingInfo","projectId":"quiver-tools","billingAccountName":"billingAccounts/002DF3-82A6F1-0B16DC","billingEnabled":true}
[debug] [2026-02-17T23:11:06.430Z] > command requires scopes: ["email","openid","https://www.googleapis.com/auth/cloudplatformprojects.readonly","https://www.googleapis.com/auth/firebase","https://www.googleapis.com/auth/cloud-platform"]
[debug] [2026-02-17T23:11:06.430Z] > authorizing via signed-in user (chris@christopheresplin.com)
